Fri Aug 18 2017 12:25:49 GMT+0530 (India Standard Time): GET / 
Fri Aug 18 2017 12:35:42 GMT+0530 (India Standard Time): GET / 
Fri Aug 18 2017 12:35:43 GMT+0530 (India Standard Time): GET / 
Fri Aug 18 2017 12:37:35 GMT+0530 (India Standard Time): GET /help.html 
Fri Aug 18 2017 12:37:53 GMT+0530 (India Standard Time): GET /help.html 
Fri Aug 18 2017 12:38:03 GMT+0530 (India Standard Time): GET /help.html 
Fri Aug 18 2017 13:20:11 GMT+0530 (India Standard Time): GET / 
Fri Aug 18 2017 13:24:50 GMT+0530 (India Standard Time): GET / 
Fri Aug 18 2017 13:25:11 GMT+0530 (India Standard Time): GET / 
Fri Aug 18 2017 13:25:16 GMT+0530 (India Standard Time): GET / 
Fri Aug 18 2017 13:25:27 GMT+0530 (India Standard Time): GET / 
Wed Aug 23 2017 08:21:29 GMT+0530 (India Standard Time): GET / 
Wed Aug 23 2017 08:21:29 GMT+0530 (India Standard Time): GET /favicon.ico 
Wed Aug 23 2017 08:21:35 GMT+0530 (India Standard Time): GET /products 
Wed Aug 23 2017 08:22:39 GMT+0530 (India Standard Time): GET /products 
Wed Aug 23 2017 08:22:40 GMT+0530 (India Standard Time): GET /products 
Wed Aug 23 2017 08:22:40 GMT+0530 (India Standard Time): GET /products 
Wed Aug 23 2017 08:23:14 GMT+0530 (India Standard Time): GET /products 
Wed Aug 23 2017 08:24:01 GMT+0530 (India Standard Time): GET /products 
Wed Aug 23 2017 08:25:10 GMT+0530 (India Standard Time): GET /products 
Wed Aug 23 2017 08:26:16 GMT+0530 (India Standard Time): GET /products 
Wed Aug 23 2017 08:27:57 GMT+0530 (India Standard Time): GET /products 
Wed Aug 23 2017 08:34:31 GMT+0530 (India Standard Time): GET /products 
Wed Aug 23 2017 08:35:52 GMT+0530 (India Standard Time): GET /products 
Wed Aug 23 2017 08:37:25 GMT+0530 (India Standard Time): GET /products 
Wed Aug 23 2017 08:37:45 GMT+0530 (India Standard Time): GET /products 
Wed Aug 23 2017 08:37:56 GMT+0530 (India Standard Time): GET /products 
Wed Aug 23 2017 08:37:58 GMT+0530 (India Standard Time): GET /products 
Wed Aug 23 2017 08:38:33 GMT+0530 (India Standard Time): GET /products 
Wed Aug 23 2017 08:38:57 GMT+0530 (India Standard Time): GET /products 
Wed Aug 23 2017 08:39:38 GMT+0530 (India Standard Time): GET /products 
Wed Aug 23 2017 08:40:01 GMT+0530 (India Standard Time): GET /products 
Wed Aug 23 2017 08:40:15 GMT+0530 (India Standard Time): GET /products 
